{"C:\\DataJobPortal\\backend\\server.js": {"path":"C:\\DataJobPortal\\backend\\server.js","statementMap":{"0":{"start":{"line":1,"column":16},"end":{"line":1,"column":34}},"1":{"start":{"line":2,"column":13},"end":{"line":2,"column":28}},"2":{"start":{"line":3,"column":15},"end":{"line":3,"column":32}},"3":{"start":{"line":4,"column":25},"end":{"line":4,"column":57}},"4":{"start":{"line":7,"column":0},"end":{"line":7,"column":16}},"5":{"start":{"line":9,"column":12},"end":{"line":9,"column":21}},"6":{"start":{"line":10,"column":13},"end":{"line":10,"column":37}},"7":{"start":{"line":13,"column":0},"end":{"line":13,"column":16}},"8":{"start":{"line":14,"column":0},"end":{"line":14,"column":24}},"9":{"start":{"line":17,"column":17},"end":{"line":20,"column":1}},"10":{"start":{"line":23,"column":0},"end":{"line":25,"column":3}},"11":{"start":{"line":24,"column":2},"end":{"line":24,"column":59}},"12":{"start":{"line":30,"column":0},"end":{"line":85,"column":3}},"13":{"start":{"line":31,"column":2},"end":{"line":84,"column":3}},"14":{"start":{"line":32,"column":96},"end":{"line":32,"column":105}},"15":{"start":{"line":34,"column":16},"end":{"line":34,"column":49}},"16":{"start":{"line":37,"column":4},"end":{"line":39,"column":5}},"17":{"start":{"line":38,"column":6},"end":{"line":38,"column":76}},"18":{"start":{"line":41,"column":4},"end":{"line":43,"column":5}},"19":{"start":{"line":42,"column":6},"end":{"line":42,"column":55}},"20":{"start":{"line":45,"column":4},"end":{"line":47,"column":5}},"21":{"start":{"line":46,"column":6},"end":{"line":46,"column":51}},"22":{"start":{"line":49,"column":4},"end":{"line":51,"column":5}},"23":{"start":{"line":50,"column":6},"end":{"line":50,"column":49}},"24":{"start":{"line":53,"column":4},"end":{"line":55,"column":5}},"25":{"start":{"line":54,"column":6},"end":{"line":54,"column":56}},"26":{"start":{"line":58,"column":4},"end":{"line":58,"column":60}},"27":{"start":{"line":60,"column":28},"end":{"line":60,"column":39}},"28":{"start":{"line":62,"column":4},"end":{"line":62,"column":27}},"29":{"start":{"line":62,"column":15},"end":{"line":62,"column":27}},"30":{"start":{"line":65,"column":23},"end":{"line":65,"column":27}},"31":{"start":{"line":66,"column":4},"end":{"line":78,"column":5}},"32":{"start":{"line":67,"column":6},"end":{"line":77,"column":9}},"33":{"start":{"line":68,"column":28},"end":{"line":68,"column":57}},"34":{"start":{"line":69,"column":8},"end":{"line":69,"column":38}},"35":{"start":{"line":69,"column":26},"end":{"line":69,"column":38}},"36":{"start":{"line":71,"column":28},"end":{"line":71,"column":52}},"37":{"start":{"line":72,"column":30},"end":{"line":72,"column":91}},"38":{"start":{"line":74,"column":8},"end":{"line":74,"column":77}},"39":{"start":{"line":74,"column":64},"end":{"line":74,"column":77}},"40":{"start":{"line":75,"column":8},"end":{"line":75,"column":77}},"41":{"start":{"line":75,"column":64},"end":{"line":75,"column":77}},"42":{"start":{"line":76,"column":8},"end":{"line":76,"column":20}},"43":{"start":{"line":80,"column":4},"end":{"line":80,"column":80}},"44":{"start":{"line":82,"column":4},"end":{"line":82,"column":49}},"45":{"start":{"line":83,"column":4},"end":{"line":83,"column":67}},"46":{"start":{"line":88,"column":0},"end":{"line":109,"column":3}},"47":{"start":{"line":89,"column":2},"end":{"line":108,"column":3}},"48":{"start":{"line":90,"column":19},"end":{"line":90,"column":29}},"49":{"start":{"line":92,"column":28},"end":{"line":96,"column":15}},"50":{"start":{"line":98,"column":4},"end":{"line":98,"column":27}},"51":{"start":{"line":98,"column":15},"end":{"line":98,"column":27}},"52":{"start":{"line":100,"column":4},"end":{"line":102,"column":5}},"53":{"start":{"line":101,"column":6},"end":{"line":101,"column":78}},"54":{"start":{"line":104,"column":4},"end":{"line":104,"column":38}},"55":{"start":{"line":106,"column":4},"end":{"line":106,"column":48}},"56":{"start":{"line":107,"column":4},"end":{"line":107,"column":67}},"57":{"start":{"line":112,"column":0},"end":{"line":170,"column":3}},"58":{"start":{"line":113,"column":2},"end":{"line":169,"column":3}},"59":{"start":{"line":126,"column":8},"end":{"line":126,"column":16}},"60":{"start":{"line":129,"column":4},"end":{"line":134,"column":5}},"61":{"start":{"line":130,"column":6},"end":{"line":133,"column":9}},"62":{"start":{"line":137,"column":20},"end":{"line":143,"column":21}},"63":{"start":{"line":145,"column":20},"end":{"line":155,"column":5}},"64":{"start":{"line":157,"column":28},"end":{"line":161,"column":15}},"65":{"start":{"line":163,"column":4},"end":{"line":163,"column":27}},"66":{"start":{"line":163,"column":15},"end":{"line":163,"column":27}},"67":{"start":{"line":165,"column":4},"end":{"line":165,"column":50}},"68":{"start":{"line":167,"column":4},"end":{"line":167,"column":48}},"69":{"start":{"line":168,"column":4},"end":{"line":168,"column":67}},"70":{"start":{"line":173,"column":0},"end":{"line":192,"column":3}},"71":{"start":{"line":174,"column":2},"end":{"line":191,"column":3}},"72":{"start":{"line":175,"column":19},"end":{"line":175,"column":29}},"73":{"start":{"line":176,"column":20},"end":{"line":176,"column":28}},"74":{"start":{"line":178,"column":28},"end":{"line":183,"column":15}},"75":{"start":{"line":185,"column":4},"end":{"line":185,"column":27}},"76":{"start":{"line":185,"column":15},"end":{"line":185,"column":27}},"77":{"start":{"line":187,"column":4},"end":{"line":187,"column":38}},"78":{"start":{"line":189,"column":4},"end":{"line":189,"column":48}},"79":{"start":{"line":190,"column":4},"end":{"line":190,"column":67}},"80":{"start":{"line":195,"column":0},"end":{"line":211,"column":3}},"81":{"start":{"line":196,"column":2},"end":{"line":210,"column":3}},"82":{"start":{"line":197,"column":19},"end":{"line":197,"column":29}},"83":{"start":{"line":199,"column":22},"end":{"line":202,"column":19}},"84":{"start":{"line":204,"column":4},"end":{"line":204,"column":27}},"85":{"start":{"line":204,"column":15},"end":{"line":204,"column":27}},"86":{"start":{"line":206,"column":4},"end":{"line":206,"column":69}},"87":{"start":{"line":208,"column":4},"end":{"line":208,"column":48}},"88":{"start":{"line":209,"column":4},"end":{"line":209,"column":67}},"89":{"start":{"line":216,"column":0},"end":{"line":260,"column":3}},"90":{"start":{"line":217,"column":2},"end":{"line":259,"column":3}},"91":{"start":{"line":218,"column":45},"end":{"line":218,"column":53}},"92":{"start":{"line":220,"column":4},"end":{"line":225,"column":5}},"93":{"start":{"line":221,"column":6},"end":{"line":224,"column":9}},"94":{"start":{"line":227,"column":4},"end":{"line":232,"column":5}},"95":{"start":{"line":228,"column":6},"end":{"line":231,"column":9}},"96":{"start":{"line":235,"column":28},"end":{"line":245,"column":6}},"97":{"start":{"line":247,"column":4},"end":{"line":247,"column":27}},"98":{"start":{"line":247,"column":15},"end":{"line":247,"column":27}},"99":{"start":{"line":249,"column":4},"end":{"line":255,"column":7}},"100":{"start":{"line":257,"column":4},"end":{"line":257,"column":52}},"101":{"start":{"line":258,"column":4},"end":{"line":258,"column":67}},"102":{"start":{"line":263,"column":0},"end":{"line":294,"column":3}},"103":{"start":{"line":264,"column":2},"end":{"line":293,"column":3}},"104":{"start":{"line":265,"column":39},"end":{"line":265,"column":47}},"105":{"start":{"line":267,"column":4},"end":{"line":272,"column":5}},"106":{"start":{"line":268,"column":6},"end":{"line":271,"column":9}},"107":{"start":{"line":275,"column":28},"end":{"line":279,"column":6}},"108":{"start":{"line":281,"column":4},"end":{"line":281,"column":27}},"109":{"start":{"line":281,"column":15},"end":{"line":281,"column":27}},"110":{"start":{"line":283,"column":4},"end":{"line":289,"column":7}},"111":{"start":{"line":291,"column":4},"end":{"line":291,"column":46}},"112":{"start":{"line":292,"column":4},"end":{"line":292,"column":75}},"113":{"start":{"line":297,"column":0},"end":{"line":314,"column":3}},"114":{"start":{"line":298,"column":2},"end":{"line":313,"column":3}},"115":{"start":{"line":299,"column":18},"end":{"line":299,"column":67}},"116":{"start":{"line":301,"column":4},"end":{"line":303,"column":5}},"117":{"start":{"line":302,"column":6},"end":{"line":302,"column":82}},"118":{"start":{"line":305,"column":38},"end":{"line":305,"column":72}},"119":{"start":{"line":307,"column":4},"end":{"line":307,"column":27}},"120":{"start":{"line":307,"column":15},"end":{"line":307,"column":27}},"121":{"start":{"line":309,"column":4},"end":{"line":309,"column":44}},"122":{"start":{"line":311,"column":4},"end":{"line":311,"column":48}},"123":{"start":{"line":312,"column":4},"end":{"line":312,"column":69}},"124":{"start":{"line":319,"column":0},"end":{"line":340,"column":3}},"125":{"start":{"line":320,"column":2},"end":{"line":339,"column":3}},"126":{"start":{"line":323,"column":28},"end":{"line":326,"column":15}},"127":{"start":{"line":328,"column":4},"end":{"line":331,"column":5}},"128":{"start":{"line":330,"column":6},"end":{"line":330,"column":18}},"129":{"start":{"line":333,"column":18},"end":{"line":333,"column":37}},"130":{"start":{"line":335,"column":4},"end":{"line":335,"column":39}},"131":{"start":{"line":337,"column":4},"end":{"line":337,"column":56}},"132":{"start":{"line":338,"column":4},"end":{"line":338,"column":45}},"133":{"start":{"line":345,"column":0},"end":{"line":366,"column":3}},"134":{"start":{"line":346,"column":2},"end":{"line":365,"column":3}},"135":{"start":{"line":347,"column":19},"end":{"line":347,"column":35}},"136":{"start":{"line":349,"column":4},"end":{"line":351,"column":5}},"137":{"start":{"line":350,"column":6},"end":{"line":350,"column":81}},"138":{"start":{"line":353,"column":28},"end":{"line":357,"column":48}},"139":{"start":{"line":359,"column":4},"end":{"line":359,"column":27}},"140":{"start":{"line":359,"column":15},"end":{"line":359,"column":27}},"141":{"start":{"line":361,"column":4},"end":{"line":361,"column":38}},"142":{"start":{"line":363,"column":4},"end":{"line":363,"column":53}},"143":{"start":{"line":364,"column":4},"end":{"line":364,"column":67}},"144":{"start":{"line":369,"column":0},"end":{"line":398,"column":3}},"145":{"start":{"line":370,"column":2},"end":{"line":397,"column":3}},"146":{"start":{"line":371,"column":48},"end":{"line":371,"column":56}},"147":{"start":{"line":373,"column":4},"end":{"line":378,"column":5}},"148":{"start":{"line":374,"column":6},"end":{"line":377,"column":9}},"149":{"start":{"line":380,"column":28},"end":{"line":389,"column":15}},"150":{"start":{"line":391,"column":4},"end":{"line":391,"column":27}},"151":{"start":{"line":391,"column":15},"end":{"line":391,"column":27}},"152":{"start":{"line":393,"column":4},"end":{"line":393,"column":50}},"153":{"start":{"line":395,"column":4},"end":{"line":395,"column":51}},"154":{"start":{"line":396,"column":4},"end":{"line":396,"column":67}},"155":{"start":{"line":401,"column":0},"end":{"line":406,"column":1}},"156":{"start":{"line":402,"column":2},"end":{"line":405,"column":5}},"157":{"start":{"line":403,"column":4},"end":{"line":403,"column":65}},"158":{"start":{"line":404,"column":4},"end":{"line":404,"column":78}},"159":{"start":{"line":409,"column":0},"end":{"line":409,"column":21}}},"fnMap":{"0":{"name":"(anonymous_0)","decl":{"start":{"line":23,"column":23},"end":{"line":23,"column":24}},"loc":{"start":{"line":23,"column":37},"end":{"line":25,"column":1}},"line":23},"1":{"name":"(anonymous_1)","decl":{"start":{"line":30,"column":21},"end":{"line":30,"column":22}},"loc":{"start":{"line":30,"column":41},"end":{"line":85,"column":1}},"line":30},"2":{"name":"(anonymous_2)","decl":{"start":{"line":67,"column":33},"end":{"line":67,"column":34}},"loc":{"start":{"line":67,"column":40},"end":{"line":77,"column":7}},"line":67},"3":{"name":"(anonymous_3)","decl":{"start":{"line":88,"column":25},"end":{"line":88,"column":26}},"loc":{"start":{"line":88,"column":45},"end":{"line":109,"column":1}},"line":88},"4":{"name":"(anonymous_4)","decl":{"start":{"line":112,"column":22},"end":{"line":112,"column":23}},"loc":{"start":{"line":112,"column":42},"end":{"line":170,"column":1}},"line":112},"5":{"name":"(anonymous_5)","decl":{"start":{"line":173,"column":25},"end":{"line":173,"column":26}},"loc":{"start":{"line":173,"column":45},"end":{"line":192,"column":1}},"line":173},"6":{"name":"(anonymous_6)","decl":{"start":{"line":195,"column":28},"end":{"line":195,"column":29}},"loc":{"start":{"line":195,"column":48},"end":{"line":211,"column":1}},"line":195},"7":{"name":"(anonymous_7)","decl":{"start":{"line":216,"column":31},"end":{"line":216,"column":32}},"loc":{"start":{"line":216,"column":51},"end":{"line":260,"column":1}},"line":216},"8":{"name":"(anonymous_8)","decl":{"start":{"line":263,"column":28},"end":{"line":263,"column":29}},"loc":{"start":{"line":263,"column":48},"end":{"line":294,"column":1}},"line":263},"9":{"name":"(anonymous_9)","decl":{"start":{"line":297,"column":26},"end":{"line":297,"column":27}},"loc":{"start":{"line":297,"column":46},"end":{"line":314,"column":1}},"line":297},"10":{"name":"(anonymous_10)","decl":{"start":{"line":319,"column":29},"end":{"line":319,"column":30}},"loc":{"start":{"line":319,"column":49},"end":{"line":340,"column":1}},"line":319},"11":{"name":"(anonymous_11)","decl":{"start":{"line":345,"column":25},"end":{"line":345,"column":26}},"loc":{"start":{"line":345,"column":45},"end":{"line":366,"column":1}},"line":345},"12":{"name":"(anonymous_12)","decl":{"start":{"line":369,"column":26},"end":{"line":369,"column":27}},"loc":{"start":{"line":369,"column":46},"end":{"line":398,"column":1}},"line":369},"13":{"name":"(anonymous_13)","decl":{"start":{"line":402,"column":19},"end":{"line":402,"column":20}},"loc":{"start":{"line":402,"column":25},"end":{"line":405,"column":3}},"line":402}},"branchMap":{"0":{"loc":{"start":{"line":10,"column":13},"end":{"line":10,"column":37}},"type":"binary-expr","locations":[{"start":{"line":10,"column":13},"end":{"line":10,"column":29}},{"start":{"line":10,"column":33},"end":{"line":10,"column":37}}],"line":10},"1":{"loc":{"start":{"line":37,"column":4},"end":{"line":39,"column":5}},"type":"if","locations":[{"start":{"line":37,"column":4},"end":{"line":39,"column":5}},{"start":{},"end":{}}],"line":37},"2":{"loc":{"start":{"line":41,"column":4},"end":{"line":43,"column":5}},"type":"if","locations":[{"start":{"line":41,"column":4},"end":{"line":43,"column":5}},{"start":{},"end":{}}],"line":41},"3":{"loc":{"start":{"line":45,"column":4},"end":{"line":47,"column":5}},"type":"if","locations":[{"start":{"line":45,"column":4},"end":{"line":47,"column":5}},{"start":{},"end":{}}],"line":45},"4":{"loc":{"start":{"line":49,"column":4},"end":{"line":51,"column":5}},"type":"if","locations":[{"start":{"line":49,"column":4},"end":{"line":51,"column":5}},{"start":{},"end":{}}],"line":49},"5":{"loc":{"start":{"line":53,"column":4},"end":{"line":55,"column":5}},"type":"if","locations":[{"start":{"line":53,"column":4},"end":{"line":55,"column":5}},{"start":{},"end":{}}],"line":53},"6":{"loc":{"start":{"line":62,"column":4},"end":{"line":62,"column":27}},"type":"if","locations":[{"start":{"line":62,"column":4},"end":{"line":62,"column":27}},{"start":{},"end":{}}],"line":62},"7":{"loc":{"start":{"line":66,"column":4},"end":{"line":78,"column":5}},"type":"if","locations":[{"start":{"line":66,"column":4},"end":{"line":78,"column":5}},{"start":{},"end":{}}],"line":66},"8":{"loc":{"start":{"line":66,"column":8},"end":{"line":66,"column":32}},"type":"binary-expr","locations":[{"start":{"line":66,"column":8},"end":{"line":66,"column":18}},{"start":{"line":66,"column":22},"end":{"line":66,"column":32}}],"line":66},"9":{"loc":{"start":{"line":69,"column":8},"end":{"line":69,"column":38}},"type":"if","locations":[{"start":{"line":69,"column":8},"end":{"line":69,"column":38}},{"start":{},"end":{}}],"line":69},"10":{"loc":{"start":{"line":72,"column":30},"end":{"line":72,"column":91}},"type":"cond-expr","locations":[{"start":{"line":72,"column":60},"end":{"line":72,"column":77}},{"start":{"line":72,"column":80},"end":{"line":72,"column":91}}],"line":72},"11":{"loc":{"start":{"line":74,"column":8},"end":{"line":74,"column":77}},"type":"if","locations":[{"start":{"line":74,"column":8},"end":{"line":74,"column":77}},{"start":{},"end":{}}],"line":74},"12":{"loc":{"start":{"line":74,"column":12},"end":{"line":74,"column":62}},"type":"binary-expr","locations":[{"start":{"line":74,"column":12},"end":{"line":74,"column":22}},{"start":{"line":74,"column":26},"end":{"line":74,"column":62}}],"line":74},"13":{"loc":{"start":{"line":75,"column":8},"end":{"line":75,"column":77}},"type":"if","locations":[{"start":{"line":75,"column":8},"end":{"line":75,"column":77}},{"start":{},"end":{}}],"line":75},"14":{"loc":{"start":{"line":75,"column":12},"end":{"line":75,"column":62}},"type":"binary-expr","locations":[{"start":{"line":75,"column":12},"end":{"line":75,"column":22}},{"start":{"line":75,"column":26},"end":{"line":75,"column":62}}],"line":75},"15":{"loc":{"start":{"line":98,"column":4},"end":{"line":98,"column":27}},"type":"if","locations":[{"start":{"line":98,"column":4},"end":{"line":98,"column":27}},{"start":{},"end":{}}],"line":98},"16":{"loc":{"start":{"line":100,"column":4},"end":{"line":102,"column":5}},"type":"if","locations":[{"start":{"line":100,"column":4},"end":{"line":102,"column":5}},{"start":{},"end":{}}],"line":100},"17":{"loc":{"start":{"line":129,"column":4},"end":{"line":134,"column":5}},"type":"if","locations":[{"start":{"line":129,"column":4},"end":{"line":134,"column":5}},{"start":{},"end":{}}],"line":129},"18":{"loc":{"start":{"line":129,"column":8},"end":{"line":129,"column":35}},"type":"binary-expr","locations":[{"start":{"line":129,"column":8},"end":{"line":129,"column":16}},{"start":{"line":129,"column":20},"end":{"line":129,"column":26}},{"start":{"line":129,"column":30},"end":{"line":129,"column":35}}],"line":129},"19":{"loc":{"start":{"line":140,"column":6},"end":{"line":140,"column":58}},"type":"cond-expr","locations":[{"start":{"line":140,"column":34},"end":{"line":140,"column":43}},{"start":{"line":140,"column":46},"end":{"line":140,"column":58}}],"line":140},"20":{"loc":{"start":{"line":142,"column":10},"end":{"line":142,"column":20}},"type":"binary-expr","locations":[{"start":{"line":142,"column":10},"end":{"line":142,"column":14}},{"start":{"line":142,"column":18},"end":{"line":142,"column":20}}],"line":142},"21":{"loc":{"start":{"line":148,"column":16},"end":{"line":148,"column":43}},"type":"binary-expr","locations":[{"start":{"line":148,"column":16},"end":{"line":148,"column":24}},{"start":{"line":148,"column":28},"end":{"line":148,"column":43}}],"line":148},"22":{"loc":{"start":{"line":149,"column":14},"end":{"line":149,"column":39}},"type":"binary-expr","locations":[{"start":{"line":149,"column":14},"end":{"line":149,"column":20}},{"start":{"line":149,"column":24},"end":{"line":149,"column":39}}],"line":149},"23":{"loc":{"start":{"line":153,"column":19},"end":{"line":153,"column":36}},"type":"binary-expr","locations":[{"start":{"line":153,"column":19},"end":{"line":153,"column":30}},{"start":{"line":153,"column":34},"end":{"line":153,"column":36}}],"line":153},"24":{"loc":{"start":{"line":163,"column":4},"end":{"line":163,"column":27}},"type":"if","locations":[{"start":{"line":163,"column":4},"end":{"line":163,"column":27}},{"start":{},"end":{}}],"line":163},"25":{"loc":{"start":{"line":185,"column":4},"end":{"line":185,"column":27}},"type":"if","locations":[{"start":{"line":185,"column":4},"end":{"line":185,"column":27}},{"start":{},"end":{}}],"line":185},"26":{"loc":{"start":{"line":204,"column":4},"end":{"line":204,"column":27}},"type":"if","locations":[{"start":{"line":204,"column":4},"end":{"line":204,"column":27}},{"start":{},"end":{}}],"line":204},"27":{"loc":{"start":{"line":220,"column":4},"end":{"line":225,"column":5}},"type":"if","locations":[{"start":{"line":220,"column":4},"end":{"line":225,"column":5}},{"start":{},"end":{}}],"line":220},"28":{"loc":{"start":{"line":220,"column":8},"end":{"line":220,"column":24}},"type":"binary-expr","locations":[{"start":{"line":220,"column":8},"end":{"line":220,"column":14}},{"start":{"line":220,"column":18},"end":{"line":220,"column":24}}],"line":220},"29":{"loc":{"start":{"line":227,"column":4},"end":{"line":232,"column":5}},"type":"if","locations":[{"start":{"line":227,"column":4},"end":{"line":232,"column":5}},{"start":{},"end":{}}],"line":227},"30":{"loc":{"start":{"line":227,"column":8},"end":{"line":227,"column":40}},"type":"binary-expr","locations":[{"start":{"line":227,"column":8},"end":{"line":227,"column":17}},{"start":{"line":227,"column":21},"end":{"line":227,"column":40}}],"line":227},"31":{"loc":{"start":{"line":236,"column":13},"end":{"line":236,"column":31}},"type":"binary-expr","locations":[{"start":{"line":236,"column":13},"end":{"line":236,"column":18}},{"start":{"line":236,"column":22},"end":{"line":236,"column":31}}],"line":236},"32":{"loc":{"start":{"line":237,"column":13},"end":{"line":237,"column":31}},"type":"binary-expr","locations":[{"start":{"line":237,"column":13},"end":{"line":237,"column":18}},{"start":{"line":237,"column":22},"end":{"line":237,"column":31}}],"line":237},"33":{"loc":{"start":{"line":241,"column":16},"end":{"line":241,"column":30}},"type":"binary-expr","locations":[{"start":{"line":241,"column":16},"end":{"line":241,"column":20}},{"start":{"line":241,"column":24},"end":{"line":241,"column":30}}],"line":241},"34":{"loc":{"start":{"line":242,"column":21},"end":{"line":242,"column":35}},"type":"binary-expr","locations":[{"start":{"line":242,"column":21},"end":{"line":242,"column":25}},{"start":{"line":242,"column":29},"end":{"line":242,"column":35}}],"line":242},"35":{"loc":{"start":{"line":247,"column":4},"end":{"line":247,"column":27}},"type":"if","locations":[{"start":{"line":247,"column":4},"end":{"line":247,"column":27}},{"start":{},"end":{}}],"line":247},"36":{"loc":{"start":{"line":267,"column":4},"end":{"line":272,"column":5}},"type":"if","locations":[{"start":{"line":267,"column":4},"end":{"line":272,"column":5}},{"start":{},"end":{}}],"line":267},"37":{"loc":{"start":{"line":276,"column":13},"end":{"line":276,"column":31}},"type":"binary-expr","locations":[{"start":{"line":276,"column":13},"end":{"line":276,"column":18}},{"start":{"line":276,"column":22},"end":{"line":276,"column":31}}],"line":276},"38":{"loc":{"start":{"line":277,"column":13},"end":{"line":277,"column":31}},"type":"binary-expr","locations":[{"start":{"line":277,"column":13},"end":{"line":277,"column":18}},{"start":{"line":277,"column":22},"end":{"line":277,"column":31}}],"line":277},"39":{"loc":{"start":{"line":281,"column":4},"end":{"line":281,"column":27}},"type":"if","locations":[{"start":{"line":281,"column":4},"end":{"line":281,"column":27}},{"start":{},"end":{}}],"line":281},"40":{"loc":{"start":{"line":301,"column":4},"end":{"line":303,"column":5}},"type":"if","locations":[{"start":{"line":301,"column":4},"end":{"line":303,"column":5}},{"start":{},"end":{}}],"line":301},"41":{"loc":{"start":{"line":307,"column":4},"end":{"line":307,"column":27}},"type":"if","locations":[{"start":{"line":307,"column":4},"end":{"line":307,"column":27}},{"start":{},"end":{}}],"line":307},"42":{"loc":{"start":{"line":328,"column":4},"end":{"line":331,"column":5}},"type":"if","locations":[{"start":{"line":328,"column":4},"end":{"line":331,"column":5}},{"start":{},"end":{}}],"line":328},"43":{"loc":{"start":{"line":328,"column":8},"end":{"line":328,"column":42}},"type":"binary-expr","locations":[{"start":{"line":328,"column":8},"end":{"line":328,"column":13}},{"start":{"line":328,"column":17},"end":{"line":328,"column":42}}],"line":328},"44":{"loc":{"start":{"line":333,"column":18},"end":{"line":333,"column":37}},"type":"binary-expr","locations":[{"start":{"line":333,"column":18},"end":{"line":333,"column":29}},{"start":{"line":333,"column":33},"end":{"line":333,"column":37}}],"line":333},"45":{"loc":{"start":{"line":349,"column":4},"end":{"line":351,"column":5}},"type":"if","locations":[{"start":{"line":349,"column":4},"end":{"line":351,"column":5}},{"start":{},"end":{}}],"line":349},"46":{"loc":{"start":{"line":359,"column":4},"end":{"line":359,"column":27}},"type":"if","locations":[{"start":{"line":359,"column":4},"end":{"line":359,"column":27}},{"start":{},"end":{}}],"line":359},"47":{"loc":{"start":{"line":373,"column":4},"end":{"line":378,"column":5}},"type":"if","locations":[{"start":{"line":373,"column":4},"end":{"line":378,"column":5}},{"start":{},"end":{}}],"line":373},"48":{"loc":{"start":{"line":373,"column":8},"end":{"line":373,"column":46}},"type":"binary-expr","locations":[{"start":{"line":373,"column":8},"end":{"line":373,"column":18}},{"start":{"line":373,"column":22},"end":{"line":373,"column":34}},{"start":{"line":373,"column":38},"end":{"line":373,"column":46}}],"line":373},"49":{"loc":{"start":{"line":391,"column":4},"end":{"line":391,"column":27}},"type":"if","locations":[{"start":{"line":391,"column":4},"end":{"line":391,"column":27}},{"start":{},"end":{}}],"line":391},"50":{"loc":{"start":{"line":401,"column":0},"end":{"line":406,"column":1}},"type":"if","locations":[{"start":{"line":401,"column":0},"end":{"line":406,"column":1}},{"start":{},"end":{}}],"line":401}},"s":{"0":1,"1":1,"2":1,"3":1,"4":1,"5":1,"6":1,"7":1,"8":1,"9":1,"10":1,"11":1,"12":1,"13":2,"14":2,"15":2,"16":2,"17":1,"18":2,"19":0,"20":2,"21":0,"22":2,"23":0,"24":2,"25":0,"26":2,"27":2,"28":2,"29":0,"30":2,"31":2,"32":0,"33":0,"34":0,"35":0,"36":0,"37":0,"38":0,"39":0,"40":0,"41":0,"42":0,"43":2,"44":0,"45":0,"46":1,"47":2,"48":2,"49":2,"50":2,"51":0,"52":2,"53":1,"54":1,"55":0,"56":0,"57":1,"58":2,"59":2,"60":2,"61":1,"62":1,"63":1,"64":1,"65":1,"66":0,"67":1,"68":0,"69":0,"70":1,"71":1,"72":1,"73":1,"74":1,"75":1,"76":0,"77":1,"78":0,"79":0,"80":1,"81":1,"82":1,"83":1,"84":1,"85":0,"86":1,"87":0,"88":0,"89":1,"90":2,"91":2,"92":2,"93":0,"94":2,"95":1,"96":1,"97":1,"98":0,"99":1,"100":0,"101":0,"102":1,"103":2,"104":2,"105":2,"106":0,"107":2,"108":2,"109":1,"110":1,"111":1,"112":1,"113":1,"114":2,"115":2,"116":2,"117":1,"118":1,"119":1,"120":0,"121":1,"122":0,"123":0,"124":1,"125":2,"126":2,"127":2,"128":0,"129":2,"130":2,"131":0,"132":0,"133":1,"134":2,"135":2,"136":2,"137":1,"138":1,"139":1,"140":0,"141":1,"142":0,"143":0,"144":1,"145":2,"146":2,"147":2,"148":1,"149":1,"150":1,"151":0,"152":1,"153":0,"154":0,"155":1,"156":0,"157":0,"158":0,"159":1},"f":{"0":1,"1":2,"2":0,"3":2,"4":2,"5":1,"6":1,"7":2,"8":2,"9":2,"10":2,"11":2,"12":2,"13":0},"b":{"0":[1,0],"1":[1,1],"2":[0,2],"3":[0,2],"4":[0,2],"5":[0,2],"6":[0,2],"7":[0,2],"8":[2,2],"9":[0,0],"10":[0,0],"11":[0,0],"12":[0,0],"13":[0,0],"14":[0,0],"15":[0,2],"16":[1,1],"17":[1,1],"18":[2,2,1],"19":[1,0],"20":[1,0],"21":[1,0],"22":[1,0],"23":[1,0],"24":[0,1],"25":[0,1],"26":[0,1],"27":[0,2],"28":[2,0],"29":[1,1],"30":[2,2],"31":[1,0],"32":[1,1],"33":[1,0],"34":[1,0],"35":[0,1],"36":[0,2],"37":[2,0],"38":[2,2],"39":[1,1],"40":[1,1],"41":[0,1],"42":[0,2],"43":[2,1],"44":[2,1],"45":[1,1],"46":[0,1],"47":[1,1],"48":[2,2,1],"49":[0,1],"50":[0,1]},"_coverageSchema":"1a1c01bbd47fc00a2c39e90264f33305004495a9","hash":"48369bd764e4c0e0a432e2431a3db0d5b6da47ad"}
}
