TN:
SF:server.js
FN:23,(anonymous_0)
FN:30,(anonymous_1)
FN:67,(anonymous_2)
FN:88,(anonymous_3)
FN:112,(anonymous_4)
FN:173,(anonymous_5)
FN:195,(anonymous_6)
FN:216,(anonymous_7)
FN:263,(anonymous_8)
FN:297,(anonymous_9)
FN:319,(anonymous_10)
FN:345,(anonymous_11)
FN:369,(anonymous_12)
FN:402,(anonymous_13)
FNF:14
FNH:12
FNDA:1,(anonymous_0)
FNDA:2,(anonymous_1)
FNDA:0,(anonymous_2)
FNDA:2,(anonymous_3)
FNDA:2,(anonymous_4)
FNDA:1,(anonymous_5)
FNDA:1,(anonymous_6)
FNDA:2,(anonymous_7)
FNDA:2,(anonymous_8)
FNDA:2,(anonymous_9)
FNDA:2,(anonymous_10)
FNDA:2,(anonymous_11)
FNDA:2,(anonymous_12)
FNDA:0,(anonymous_13)
DA:1,1
DA:2,1
DA:3,1
DA:4,1
DA:7,1
DA:9,1
DA:10,1
DA:13,1
DA:14,1
DA:17,1
DA:23,1
DA:24,1
DA:30,1
DA:31,2
DA:32,2
DA:34,2
DA:37,2
DA:38,1
DA:41,2
DA:42,0
DA:45,2
DA:46,0
DA:49,2
DA:50,0
DA:53,2
DA:54,0
DA:58,2
DA:60,2
DA:62,2
DA:65,2
DA:66,2
DA:67,0
DA:68,0
DA:69,0
DA:71,0
DA:72,0
DA:74,0
DA:75,0
DA:76,0
DA:80,2
DA:82,0
DA:83,0
DA:88,1
DA:89,2
DA:90,2
DA:92,2
DA:98,2
DA:100,2
DA:101,1
DA:104,1
DA:106,0
DA:107,0
DA:112,1
DA:113,2
DA:126,2
DA:129,2
DA:130,1
DA:137,1
DA:145,1
DA:157,1
DA:163,1
DA:165,1
DA:167,0
DA:168,0
DA:173,1
DA:174,1
DA:175,1
DA:176,1
DA:178,1
DA:185,1
DA:187,1
DA:189,0
DA:190,0
DA:195,1
DA:196,1
DA:197,1
DA:199,1
DA:204,1
DA:206,1
DA:208,0
DA:209,0
DA:216,1
DA:217,2
DA:218,2
DA:220,2
DA:221,0
DA:227,2
DA:228,1
DA:235,1
DA:247,1
DA:249,1
DA:257,0
DA:258,0
DA:263,1
DA:264,2
DA:265,2
DA:267,2
DA:268,0
DA:275,2
DA:281,2
DA:283,1
DA:291,1
DA:292,1
DA:297,1
DA:298,2
DA:299,2
DA:301,2
DA:302,1
DA:305,1
DA:307,1
DA:309,1
DA:311,0
DA:312,0
DA:319,1
DA:320,2
DA:323,2
DA:328,2
DA:330,0
DA:333,2
DA:335,2
DA:337,0
DA:338,0
DA:345,1
DA:346,2
DA:347,2
DA:349,2
DA:350,1
DA:353,1
DA:359,1
DA:361,1
DA:363,0
DA:364,0
DA:369,1
DA:370,2
DA:371,2
DA:373,2
DA:374,1
DA:380,1
DA:391,1
DA:393,1
DA:395,0
DA:396,0
DA:401,1
DA:402,0
DA:403,0
DA:404,0
DA:409,1
LF:147
LH:109
BRDA:10,0,0,1
BRDA:10,0,1,0
BRDA:37,1,0,1
BRDA:37,1,1,1
BRDA:41,2,0,0
BRDA:41,2,1,2
BRDA:45,3,0,0
BRDA:45,3,1,2
BRDA:49,4,0,0
BRDA:49,4,1,2
BRDA:53,5,0,0
BRDA:53,5,1,2
BRDA:62,6,0,0
BRDA:62,6,1,2
BRDA:66,7,0,0
BRDA:66,7,1,2
BRDA:66,8,0,2
BRDA:66,8,1,2
BRDA:69,9,0,0
BRDA:69,9,1,0
BRDA:72,10,0,0
BRDA:72,10,1,0
BRDA:74,11,0,0
BRDA:74,11,1,0
BRDA:74,12,0,0
BRDA:74,12,1,0
BRDA:75,13,0,0
BRDA:75,13,1,0
BRDA:75,14,0,0
BRDA:75,14,1,0
BRDA:98,15,0,0
BRDA:98,15,1,2
BRDA:100,16,0,1
BRDA:100,16,1,1
BRDA:129,17,0,1
BRDA:129,17,1,1
BRDA:129,18,0,2
BRDA:129,18,1,2
BRDA:129,18,2,1
BRDA:140,19,0,1
BRDA:140,19,1,0
BRDA:142,20,0,1
BRDA:142,20,1,0
BRDA:148,21,0,1
BRDA:148,21,1,0
BRDA:149,22,0,1
BRDA:149,22,1,0
BRDA:153,23,0,1
BRDA:153,23,1,0
BRDA:163,24,0,0
BRDA:163,24,1,1
BRDA:185,25,0,0
BRDA:185,25,1,1
BRDA:204,26,0,0
BRDA:204,26,1,1
BRDA:220,27,0,0
BRDA:220,27,1,2
BRDA:220,28,0,2
BRDA:220,28,1,0
BRDA:227,29,0,1
BRDA:227,29,1,1
BRDA:227,30,0,2
BRDA:227,30,1,2
BRDA:236,31,0,1
BRDA:236,31,1,0
BRDA:237,32,0,1
BRDA:237,32,1,1
BRDA:241,33,0,1
BRDA:241,33,1,0
BRDA:242,34,0,1
BRDA:242,34,1,0
BRDA:247,35,0,0
BRDA:247,35,1,1
BRDA:267,36,0,0
BRDA:267,36,1,2
BRDA:276,37,0,2
BRDA:276,37,1,0
BRDA:277,38,0,2
BRDA:277,38,1,2
BRDA:281,39,0,1
BRDA:281,39,1,1
BRDA:301,40,0,1
BRDA:301,40,1,1
BRDA:307,41,0,0
BRDA:307,41,1,1
BRDA:328,42,0,0
BRDA:328,42,1,2
BRDA:328,43,0,2
BRDA:328,43,1,1
BRDA:333,44,0,2
BRDA:333,44,1,1
BRDA:349,45,0,1
BRDA:349,45,1,1
BRDA:359,46,0,0
BRDA:359,46,1,1
BRDA:373,47,0,1
BRDA:373,47,1,1
BRDA:373,48,0,2
BRDA:373,48,1,2
BRDA:373,48,2,1
BRDA:391,49,0,0
BRDA:391,49,1,1
BRDA:401,50,0,0
BRDA:401,50,1,1
BRF:104
BRH:63
end_of_record
